<?xml version="1.0" encoding="UTF-8"?>
<testng-results ignored="0" total="1" passed="1" failed="0" skipped="0">
  <reporter-output>
  </reporter-output>
  <suite started-at="2023-01-30T16:29:11 IST" name="Suite" finished-at="2023-01-30T16:29:41 IST" duration-ms="29887">
    <groups>
    </groups>
    <test started-at="2023-01-30T16:29:11 IST" name="Test" finished-at="2023-01-30T16:29:41 IST" duration-ms="29887">
      <class name="GmailTest">
        <test-method is-config="true" signature="setUp()[pri:0, instance:GmailTest@5d7148e2]" started-at="2023-01-30T16:29:11 IST" name="setUp" finished-at="2023-01-30T16:29:14 IST" duration-ms="3186" status="PASS">
          <reporter-output>
          </reporter-output>
        </test-method> <!-- setUp -->
        <test-method signature="testSendEmail()[pri:0, instance:GmailTest@5d7148e2]" started-at="2023-01-30T16:29:14 IST" name="testSendEmail" finished-at="2023-01-30T16:29:40 IST" duration-ms="26148" status="PASS">
          <reporter-output>
          </reporter-output>
        </test-method> <!-- testSendEmail -->
        <test-method is-config="true" signature="tearDown()[pri:0, instance:GmailTest@5d7148e2]" started-at="2023-01-30T16:29:40 IST" name="tearDown" finished-at="2023-01-30T16:29:41 IST" duration-ms="498" status="PASS">
          <reporter-output>
          </reporter-output>
        </test-method> <!-- tearDown -->
      </class> <!-- GmailTest -->
    </test> <!-- Test -->
  </suite> <!-- Suite -->
</testng-results>
